<?xml version="1.0" encoding="UTF-8"?>
<!-- Generated by org.testng.reporters.JUnitReportReporter -->
<testsuite hostname="peachy" name="SortedListTest" tests="1" failures="0" timestamp="16 Oct 2011 18:07:27 GMT" time="0.091" errors="0">
  <testcase name="sortedListCreation" time="0.091" classname="SortedListTest"/>
</testsuite>
